<?xml version="1.0" encoding="UTF-8" ?>
<testsuite errors="0" failures="0" hostname="Sarttra001" name="RationalTest" skipped="0" tests="7" time="0.02" timestamp="2024-09-09T03:49:30">
  <properties>
[...]
</properties>
  <testcase classname="RationalTest" name="testAdd" time="0.003" />
  <testcase classname="RationalTest" name="testSubtract" time="0.0" />
  <testcase classname="RationalTest" name="testToString" time="0.0" />
  <testcase classname="RationalTest" name="testCompare" time="0.0" />
  <testcase classname="RationalTest" name="testDivision" time="0.0" />
  <testcase classname="RationalTest" name="testEquals" time="0.0" />
  <testcase classname="RationalTest" name="testMultiply" time="0.0" />
  <system-out><![CDATA[]]></system-out>
  <system-err><![CDATA[]]></system-err>
</testsuite>
